17:41:25.406 request:
1 > POST http://dummy.restapiexample.com/api/v1/create
1 > Accept-Encoding: gzip,deflate
1 > Connection: Keep-Alive
1 > Content-Length: 37
1 > Content-Type: application/json; charset=UTF-8
1 > Host: dummy.restapiexample.com
1 > User-Agent: Apache-HttpClient/4.5.11 (Java/1.8.0_221)
{"name":"test","salary":100,"age":10}

17:41:26.636 response time in milliseconds: 1223.83
1 < 200
1 < Access-Control-Allow-Origin: *
1 < Access-Control-Expose-Headers: Content-Type, X-Requested-With, X-authentication, X-client
1 < Cache-Control: no-store, no-cache, must-revalidate
1 < Content-Length: 73
1 < Content-Type: application/json;charset=utf-8
1 < Date: Thu, 25 Jun 2020 07:41:26 GMT
1 < Display: staticcontent_sol
1 < Expires: Thu, 19 Nov 1981 08:52:00 GMT
1 < Host-Header: c2hhcmVkLmJsdWVob3N0LmNvbQ==
1 < Pragma: no-cache
1 < Referrer-Policy: 
1 < Response: 200
1 < Server: nginx/1.16.0
1 < Set-Cookie: PHPSESSID=75774a2aba811de8d51c86cd8e628af9; path=/
1 < Vary: [Accept-Encoding, Accept-Encoding,Origin,X-APP-JSON]
1 < X-Ezoic-Cdn: Miss
1 < X-Middleton-Display: staticcontent_sol
1 < X-Middleton-Response: 200
1 < X-Sol: pub_site
{"status":"success","data":{"name":"test","salary":100,"age":10,"id":77}}

17:41:26.663 [print] response is {
  "data": {
    "name": "test",
    "id": 77,
    "salary": 100,
    "age": 10
  },
  "status": "success"
}

17:41:26.677 request:
1 > POST http://dummy.restapiexample.com/api/v1/create
1 > Accept-Encoding: gzip,deflate
1 > Connection: Keep-Alive
1 > Content-Length: 39
1 > Content-Type: application/json; charset=UTF-8
1 > Host: dummy.restapiexample.com
1 > User-Agent: Apache-HttpClient/4.5.11 (Java/1.8.0_221)
{"name":"tester","salary":200,"age":20}

17:41:27.550 response time in milliseconds: 870.61
1 < 200
1 < Access-Control-Allow-Origin: *
1 < Access-Control-Expose-Headers: Content-Type, X-Requested-With, X-authentication, X-client
1 < Cache-Control: no-store, no-cache, must-revalidate
1 < Content-Length: 75
1 < Content-Type: application/json;charset=utf-8
1 < Date: Thu, 25 Jun 2020 07:41:27 GMT
1 < Display: staticcontent_sol
1 < Expires: Thu, 19 Nov 1981 08:52:00 GMT
1 < Host-Header: c2hhcmVkLmJsdWVob3N0LmNvbQ==
1 < Pragma: no-cache
1 < Referrer-Policy: 
1 < Response: 200
1 < Server: nginx/1.16.0
1 < Set-Cookie: PHPSESSID=8e96826663b9a66d2f38623c320d5f1d; path=/
1 < Vary: [Accept-Encoding, Accept-Encoding,Origin,X-APP-JSON]
1 < X-Ezoic-Cdn: Miss
1 < X-Middleton-Display: staticcontent_sol
1 < X-Middleton-Response: 200
1 < X-Sol: pub_site
{"status":"success","data":{"name":"tester","salary":200,"age":20,"id":77}}

17:41:27.558 [print] response is {
  "data": {
    "name": "tester",
    "id": 77,
    "salary": 200,
    "age": 20
  },
  "status": "success"
}

17:41:27.591 request:
1 > POST http://dummy.restapiexample.com/api/v1/create
1 > Accept-Encoding: gzip,deflate
1 > Connection: Keep-Alive
1 > Content-Length: 40
1 > Content-Type: application/json; charset=UTF-8
1 > Host: dummy.restapiexample.com
1 > User-Agent: Apache-HttpClient/4.5.11 (Java/1.8.0_221)
{"name":"testing","salary":300,"age":30}

17:41:28.336 response time in milliseconds: 711.02
1 < 200
1 < Access-Control-Allow-Origin: *
1 < Access-Control-Expose-Headers: Content-Type, X-Requested-With, X-authentication, X-client
1 < Cache-Control: no-store, no-cache, must-revalidate
1 < Content-Length: 76
1 < Content-Type: application/json;charset=utf-8
1 < Date: Thu, 25 Jun 2020 07:41:28 GMT
1 < Display: staticcontent_sol
1 < Expires: Thu, 19 Nov 1981 08:52:00 GMT
1 < Host-Header: c2hhcmVkLmJsdWVob3N0LmNvbQ==
1 < Pragma: no-cache
1 < Referrer-Policy: 
1 < Response: 200
1 < Server: nginx/1.16.0
1 < Set-Cookie: PHPSESSID=281bd7375b0b9c04a6f5cff1e2fbc0b5; path=/
1 < Vary: [Accept-Encoding, Accept-Encoding,Origin,X-APP-JSON]
1 < X-Ezoic-Cdn: Miss
1 < X-Middleton-Display: staticcontent_sol
1 < X-Middleton-Response: 200
1 < X-Sol: pub_site
{"status":"success","data":{"name":"testing","salary":300,"age":30,"id":95}}

17:41:28.345 [print] response is {
  "data": {
    "name": "testing",
    "id": 95,
    "salary": 300,
    "age": 30
  },
  "status": "success"
}

 GMT
1 < Host-Header: c2hhcmVkLmJsdWVob3N0LmNvbQ==
1 < Pragma: no-cache
1 < Referrer-Policy: 
1 < Response: 200
1 < Server: nginx/1.16.0
1 < Set-Cookie: [PHPSESSID=9abedeb364592f1e38fa0abb8c58069a; path=/, ezoadgid_133674=-1; Path=/; Domain=restapiexample.com; Expires=Sat, 06 Jun 2020 01:05:02 UTC, ezoref_133674=; Path=/; Domain=restapiexample.com; Expires=Sat, 06 Jun 2020 02:35:02 UTC, ezoab_133674=mod55; Path=/; Domain=restapiexample.com; Expires=Sat, 06 Jun 2020 02:35:02 UTC, active_template::133674=pub_site.1591403702; Path=/; Domain=restapiexample.com; Expires=Mon, 08 Jun 2020 00:35:02 UTC]
1 < Vary: [Accept-Encoding, Accept-Encoding,X-APP-JSON]
1 < X-Ezoic-Cdn: Miss
1 < X-Middleton-Response: 200
1 < X-Sol: pub_site
{"status":"success","data":{"name":"testing","salary":300,"age":30,"id":94}}

10:35:03.031 [print] response is {
  "data": {
    "name": "testing",
    "id": 94,
    "salary": 300,
    "age": 30
  },
  "status": "success"
}


